<?xml version="1.0" encoding="UTF-8"?>
<!-- Generated by org.testng.reporters.JUnitXMLReporter -->
<testsuite hostname="Lenovo-PC" name="Default test" tests="4" failures="0" timestamp="16 Jan 2018 05:17:25 GMT" time="31.317" errors="0">
  <testcase name="login" time="19.614" classname="testCases.BookingTests"/>
  <testcase name="enterDetails" time="1.558" classname="testCases.BookingTests"/>
  <testcase name="selectFlight" time="1.229" classname="testCases.BookingTests"/>
  <testcase name="bookFlight" time="1.631" classname="testCases.BookingTests"/>
</testsuite> <!-- Default test -->
