<?xml version="1.0" encoding="UTF-8"?>
<testng-results skipped="0" failed="1" total="2" passed="1">
  <reporter-output>
  </reporter-output>
  <suite name="Default suite" duration-ms="11289" started-at="2018-01-15T17:00:21Z" finished-at="2018-01-15T17:00:32Z">
    <groups>
    </groups>
    <test name="Default test" duration-ms="11289" started-at="2018-01-15T17:00:21Z" finished-at="2018-01-15T17:00:32Z">
      <class name="testCases.BookingTests">
        <test-method status="PASS" signature="prepBrowser()[pri:0, instance:testCases.BookingTests@5dfcfece]" name="prepBrowser" is-config="true" duration-ms="7909" started-at="2018-01-16T04:00:21Z" description="Instantiates the browser" finished-at="2018-01-16T04:00:29Z">
          <reporter-output>
          </reporter-output>
        </test-method> <!-- prepBrowser -->
        <test-method status="PASS" signature="login()[pri:0, instance:testCases.BookingTests@5dfcfece]" name="login" duration-ms="3350" started-at="2018-01-16T04:00:29Z" finished-at="2018-01-16T04:00:32Z">
          <reporter-output>
          </reporter-output>
        </test-method> <!-- login -->
        <test-method status="FAIL" signature="enterDetails(java.lang.String, java.lang.String, java.lang.String)[pri:0, instance:testCases.BookingTests@5dfcfece]" name="enterDetails" duration-ms="0" started-at="2018-01-16T04:00:32Z" finished-at="2018-01-16T04:00:32Z">
          <exception class="org.testng.TestNGException">
            <message>
              <![CDATA[
Parameter 'passCount' is required by @Test on method enterDetails but has not been marked @Optional or defined
in C:\Users\Radhika\AppData\Local\Temp\testng-eclipse--1657809133\testng-customsuite.xml]]>
            </message>
            <full-stacktrace>
              <![CDATA[org.testng.TestNGException: 
Parameter 'passCount' is required by @Test on method enterDetails but has not been marked @Optional or defined
in C:\Users\Radhika\AppData\Local\Temp\testng-eclipse--1657809133\testng-customsuite.xml
	at org.testng.internal.Parameters.createParameters(Parameters.java:155)
	at org.testng.internal.Parameters.createParameters(Parameters.java:355)
	at org.testng.internal.Parameters.handleParameters(Parameters.java:447)
	at org.testng.internal.Invoker.handleParameters(Invoker.java:1383)
	at org.testng.internal.Invoker.createParameters(Invoker.java:1075)
	at org.testng.internal.Invoker.invokeTestMethods(Invoker.java:1180)
	at org.testng.internal.TestMethodWorker.invokeTestMethods(TestMethodWorker.java:127)
	at org.testng.internal.TestMethodWorker.run(TestMethodWorker.java:111)
	at org.testng.TestRunner.privateRun(TestRunner.java:767)
	at org.testng.TestRunner.run(TestRunner.java:617)
	at org.testng.SuiteRunner.runTest(SuiteRunner.java:334)
	at org.testng.SuiteRunner.runSequentially(SuiteRunner.java:329)
	at org.testng.SuiteRunner.privateRun(SuiteRunner.java:291)
	at org.testng.SuiteRunner.run(SuiteRunner.java:240)
	at org.testng.SuiteRunnerWorker.runSuite(SuiteRunnerWorker.java:52)
	at org.testng.SuiteRunnerWorker.run(SuiteRunnerWorker.java:86)
	at org.testng.TestNG.runSuitesSequentially(TestNG.java:1198)
	at org.testng.TestNG.runSuitesLocally(TestNG.java:1123)
	at org.testng.TestNG.run(TestNG.java:1031)
	at org.testng.remote.AbstractRemoteTestNG.run(AbstractRemoteTestNG.java:114)
	at org.testng.remote.RemoteTestNG.initAndRun(RemoteTestNG.java:251)
	at org.testng.remote.RemoteTestNG.main(RemoteTestNG.java:77)
]]>
            </full-stacktrace>
          </exception> <!-- org.testng.TestNGException -->
          <reporter-output>
          </reporter-output>
        </test-method> <!-- enterDetails -->
      </class> <!-- testCases.BookingTests -->
    </test> <!-- Default test -->
  </suite> <!-- Default suite -->
</testng-results>
