<?xml version="1.0" encoding="UTF-8"?>
<testng-results skipped="0" failed="0" total="4" passed="4">
  <reporter-output>
  </reporter-output>
  <suite name="Default suite" duration-ms="31317" started-at="2018-01-16T05:16:54Z" finished-at="2018-01-16T05:17:25Z">
    <groups>
    </groups>
    <test name="Default test" duration-ms="31317" started-at="2018-01-16T05:16:54Z" finished-at="2018-01-16T05:17:25Z">
      <class name="testCases.BookingTests">
        <test-method status="PASS" signature="prepBrowser()[pri:0, instance:testCases.BookingTests@215be6bb]" name="prepBrowser" is-config="true" duration-ms="7257" started-at="2018-01-16T16:16:54Z" description="Instantiates the browser" finished-at="2018-01-16T16:17:01Z">
          <reporter-output>
          </reporter-output>
        </test-method> <!-- prepBrowser -->
        <test-method status="PASS" signature="login()[pri:0, instance:testCases.BookingTests@215be6bb]" name="login" duration-ms="19614" started-at="2018-01-16T16:17:01Z" finished-at="2018-01-16T16:17:21Z">
          <reporter-output>
          </reporter-output>
        </test-method> <!-- login -->
        <test-method status="PASS" signature="enterDetails()[pri:0, instance:testCases.BookingTests@215be6bb]" name="enterDetails" duration-ms="1558" started-at="2018-01-16T16:17:21Z" finished-at="2018-01-16T16:17:22Z">
          <reporter-output>
          </reporter-output>
        </test-method> <!-- enterDetails -->
        <test-method status="PASS" signature="selectFlight()[pri:0, instance:testCases.BookingTests@215be6bb]" name="selectFlight" duration-ms="1229" started-at="2018-01-16T16:17:22Z" finished-at="2018-01-16T16:17:23Z">
          <reporter-output>
          </reporter-output>
        </test-method> <!-- selectFlight -->
        <test-method status="PASS" signature="bookFlight()[pri:0, instance:testCases.BookingTests@215be6bb]" name="bookFlight" duration-ms="1631" started-at="2018-01-16T16:17:23Z" finished-at="2018-01-16T16:17:25Z">
          <reporter-output>
          </reporter-output>
        </test-method> <!-- bookFlight -->
      </class> <!-- testCases.BookingTests -->
    </test> <!-- Default test -->
  </suite> <!-- Default suite -->
</testng-results>
